app/build/outputs/logs/manifest-merger-release-report.txt
-- Merging decision tree log ---
manifest
ADDED from src\main\AndroidManifest.xml:10:1-122:12
	package
		ADDED from src\main\AndroidManifest.xml:12:5-56
		INJECTED from src\main\AndroidManifest.xml
		INJECTED from src\main\AndroidManifest.xml
	android:versionName
		ADDED from src\main\AndroidManifest.xml:13:5-30
		INJECTED from src\main\AndroidManifest.xml
		INJECTED from src\main\AndroidManifest.xml
	xmlns:tools
		ADDED from src\main\AndroidManifest.xml:11:5-51
	tools:ignore
		ADDED from src\main\AndroidManifest.xml:14:5-35
	xmlns:android
		ADDED from src\main\AndroidManifest.xml:10:11-69
	android:versionCode
		INJECTED from src\main\AndroidManifest.xml
		INJECTED from src\main\AndroidManifest.xml
uses-permission#android.permission.INTERNET
ADDED from src\main\AndroidManifest.xml:17:5-67
	android:name
		ADDED from src\main\AndroidManifest.xml:17:22-64
uses-permission#android.permission.ACCESS_NETWORK_STATE
ADDED from src\main\AndroidManifest.xml:18:5-79
	android:name
		ADDED from src\main\AndroidManifest.xml:18:22-76
uses-permission#android.permission.ACCESS_WIFI_STATE
ADDED from src\main\AndroidManifest.xml:19:5-75
	android:name
		ADDED from src\main\AndroidManifest.xml:19:22-73
application
ADDED from src\main\AndroidManifest.xml:21:5-120:19
MERGED from [com.android.support:design:24.2.1] AndroidManifest.xml:22:5-20
MERGED from [com.android.support:appcompat-v7:24.2.1] AndroidManifest.xml:25:5-20
MERGED from [com.android.support:animated-vector-drawable:24.2.1] AndroidManifest.xml:22:5-20
MERGED from [com.android.support:support-vector-drawable:24.2.1] AndroidManifest.xml:23:5-20
MERGED from [de.hdodenhof:circleimageview:1.3.0] AndroidManifest.xml:9:5-20
MERGED from [com.android.support:cardview-v7:24.2.1] AndroidManifest.xml:22:5-20
MERGED from [com.google.android.gms:play-services-appindexing:9.8.0] AndroidManifest.xml:18:5-19
MERGED from [com.google.android.gms:play-services-base:9.8.0] AndroidManifest.xml:18:5-20:19
MERGED from [com.google.firebase:firebase-common:9.8.0] AndroidManifest.xml:4:5-7:19
MERGED from [com.google.android.gms:play-services-tasks:9.8.0] AndroidManifest.xml:4:5-19
MERGED from [com.google.android.gms:play-services-basement:9.8.0] AndroidManifest.xml:19:5-21:19
MERGED from [com.android.support:support-v4:24.2.1] AndroidManifest.xml:25:5-20
MERGED from [com.android.support:support-fragment:24.2.1] AndroidManifest.xml:25:5-20
MERGED from [com.android.support:support-media-compat:24.2.1] AndroidManifest.xml:25:5-20
MERGED from [com.android.support:support-core-ui:24.2.1] AndroidManifest.xml:25:5-20
MERGED from [com.android.support:support-core-utils:24.2.1] AndroidManifest.xml:25:5-20
MERGED from [com.android.support:support-compat:24.2.1] AndroidManifest.xml:25:5-20
	android:label
		ADDED from src\main\AndroidManifest.xml:25:9-41
	android:supportsRtl
		ADDED from src\main\AndroidManifest.xml:26:9-35
	tools:ignore
		ADDED from src\main\AndroidManifest.xml:28:9-60
	android:allowBackup
		ADDED from src\main\AndroidManifest.xml:23:9-35
	android:icon
		ADDED from src\main\AndroidManifest.xml:24:9-43
	android:theme
		ADDED from src\main\AndroidManifest.xml:27:9-40
	android:name
		ADDED from src\main\AndroidManifest.xml:22:9-37
activity#vesitlibrary.pavankumar.camp.VESITLibrary.WelcomeActivity
ADDED from src\main\AndroidManifest.xml:29:9-40:20
	android:screenOrientation
		ADDED from src\main\AndroidManifest.xml:33:13-49
	android:label
		ADDED from src\main\AndroidManifest.xml:32:13-45
	android:configChanges
		ADDED from src\main\AndroidManifest.xml:31:13-48
	android:theme
		ADDED from src\main\AndroidManifest.xml:34:13-44
	android:name
		ADDED from src\main\AndroidManifest.xml:30:13-44
intent-filter#android.intent.action.MAIN+android.intent.category.LAUNCHER
ADDED from src\main\AndroidManifest.xml:35:13-39:29
action#android.intent.action.MAIN
ADDED from src\main\AndroidManifest.xml:36:17-69
	android:name
		ADDED from src\main\AndroidManifest.xml:36:25-66
category#android.intent.category.LAUNCHER
ADDED from src\main\AndroidManifest.xml:38:17-77
	android:name
		ADDED from src\main\AndroidManifest.xml:38:27-74
activity#vesitlibrary.pavankumar.camp.VESITLibrary.SplashScreenActivity
ADDED from src\main\AndroidManifest.xml:41:9-52:20
	android:screenOrientation
		ADDED from src\main\AndroidManifest.xml:45:13-49
	android:label
		ADDED from src\main\AndroidManifest.xml:44:13-45
	android:configChanges
		ADDED from src\main\AndroidManifest.xml:43:13-48
	android:theme
		ADDED from src\main\AndroidManifest.xml:46:13-56
	android:name
		ADDED from src\main\AndroidManifest.xml:42:13-49
intent-filter#android.intent.action.MAIN+android.intent.category.DEFAULT
ADDED from src\main\AndroidManifest.xml:47:13-51:29
category#android.intent.category.DEFAULT
ADDED from src\main\AndroidManifest.xml:50:17-76
	android:name
		ADDED from src\main\AndroidManifest.xml:50:27-73
activity#vesitlibrary.pavankumar.camp.VESITLibrary.MainActivity
ADDED from src\main\AndroidManifest.xml:53:9-64:20
	android:screenOrientation
		ADDED from src\main\AndroidManifest.xml:57:13-49
	android:label
		ADDED from src\main\AndroidManifest.xml:56:13-45
	android:configChanges
		ADDED from src\main\AndroidManifest.xml:55:13-48
	android:theme
		ADDED from src\main\AndroidManifest.xml:58:13-44
	android:name
		ADDED from src\main\AndroidManifest.xml:54:13-41
activity#vesitlibrary.pavankumar.camp.VESITLibrary.LoginActivity
ADDED from src\main\AndroidManifest.xml:65:9-69:57
	android:screenOrientation
		ADDED from src\main\AndroidManifest.xml:67:13-49
	android:windowSoftInputMode
		ADDED from src\main\AndroidManifest.xml:69:13-54
	android:theme
		ADDED from src\main\AndroidManifest.xml:68:13-49
	android:name
		ADDED from src\main\AndroidManifest.xml:66:13-42
activity#vesitlibrary.pavankumar.camp.VESITLibrary.UserActivity
ADDED from src\main\AndroidManifest.xml:70:9-73:52
	android:screenOrientation
		ADDED from src\main\AndroidManifest.xml:73:13-49
	android:parentActivityName
		ADDED from src\main\AndroidManifest.xml:72:13-55
	android:name
		ADDED from src\main\AndroidManifest.xml:71:13-41
activity#vesitlibrary.pavankumar.camp.VESITLibrary.TabbookActivity
ADDED from src\main\AndroidManifest.xml:74:9-78:57
	android:screenOrientation
		ADDED from src\main\AndroidManifest.xml:77:13-49
	android:parentActivityName
		ADDED from src\main\AndroidManifest.xml:76:13-55
	android:windowSoftInputMode
		ADDED from src\main\AndroidManifest.xml:78:13-54
	android:name
		ADDED from src\main\AndroidManifest.xml:75:13-44
meta-data#com.google.android.gms.version
ADDED from src\main\AndroidManifest.xml:83:9-85:69
MERGED from [com.google.android.gms:play-services-basement:9.8.0] AndroidManifest.xml:20:9-121
	android:value
		ADDED from src\main\AndroidManifest.xml:85:13-66
	android:name
		ADDED from src\main\AndroidManifest.xml:84:13-58
activity#vesitlibrary.pavankumar.camp.VESITLibrary.BookDisplayInstruActivity
ADDED from src\main\AndroidManifest.xml:86:9-89:57
	android:screenOrientation
		ADDED from src\main\AndroidManifest.xml:88:13-49
	android:parentActivityName
		ADDED from src\main\AndroidManifest.xml:87:13-55
	android:windowSoftInputMode
		ADDED from src\main\AndroidManifest.xml:89:13-54
	android:name
		ADDED from src\main\AndroidManifest.xml:86:19-60
activity#vesitlibrary.pavankumar.camp.VESITLibrary.BookDisplayItActivity
ADDED from src\main\AndroidManifest.xml:91:9-94:57
	android:screenOrientation
		ADDED from src\main\AndroidManifest.xml:93:13-49
	android:parentActivityName
		ADDED from src\main\AndroidManifest.xml:92:13-55
	android:windowSoftInputMode
		ADDED from src\main\AndroidManifest.xml:94:13-54
	android:name
		ADDED from src\main\AndroidManifest.xml:91:19-56
activity#vesitlibrary.pavankumar.camp.VESITLibrary.BookDisplayCompsActivity
ADDED from src\main\AndroidManifest.xml:96:9-99:57
	android:screenOrientation
		ADDED from src\main\AndroidManifest.xml:98:13-49
	android:parentActivityName
		ADDED from src\main\AndroidManifest.xml:97:13-55
	android:windowSoftInputMode
		ADDED from src\main\AndroidManifest.xml:99:13-54
	android:name
		ADDED from src\main\AndroidManifest.xml:96:19-59
activity#vesitlibrary.pavankumar.camp.VESITLibrary.BookDisplayEtrxActivity
ADDED from src\main\AndroidManifest.xml:101:9-104:57
	android:screenOrientation
		ADDED from src\main\AndroidManifest.xml:103:13-49
	android:parentActivityName
		ADDED from src\main\AndroidManifest.xml:102:13-55
	android:windowSoftInputMode
		ADDED from src\main\AndroidManifest.xml:104:13-54
	android:name
		ADDED from src\main\AndroidManifest.xml:101:19-58
activity#vesitlibrary.pavankumar.camp.VESITLibrary.BookDisplayExtcActivity
ADDED from src\main\AndroidManifest.xml:106:9-111:20
	android:screenOrientation
		ADDED from src\main\AndroidManifest.xml:108:13-49
	android:parentActivityName
		ADDED from src\main\AndroidManifest.xml:107:13-55
	android:windowSoftInputMode
		ADDED from src\main\AndroidManifest.xml:109:13-54
	android:name
		ADDED from src\main\AndroidManifest.xml:106:19-58
receiver#vesitlibrary.pavankumar.camp.VESITLibrary.ConnectivityReceiver
ADDED from src\main\AndroidManifest.xml:112:9-119:20
	android:enabled
		ADDED from src\main\AndroidManifest.xml:114:13-35
	android:name
		ADDED from src\main\AndroidManifest.xml:113:13-49
intent-filter#android.net.conn.CONNECTIVITY_CHANGE
ADDED from src\main\AndroidManifest.xml:115:13-118:29
action#android.net.conn.CONNECTIVITY_CHANGE
ADDED from src\main\AndroidManifest.xml:116:17-117:50
	tools:ignore
		ADDED from src\main\AndroidManifest.xml:117:21-47
	android:name
		ADDED from src\main\AndroidManifest.xml:116:25-76
uses-sdk
INJECTED from src\main\AndroidManifest.xml reason: use-sdk injection requested
MERGED from [com.android.support:design:24.2.1] AndroidManifest.xml:20:5-43
MERGED from [com.android.support:appcompat-v7:24.2.1] AndroidManifest.xml:21:5-23:78
MERGED from [com.android.support:animated-vector-drawable:24.2.1] AndroidManifest.xml:20:5-44
MERGED from [com.android.support:support-vector-drawable:24.2.1] AndroidManifest.xml:21:5-43
MERGED from [com.android.support:recyclerview-v7:24.2.1] AndroidManifest.xml:20:5-43
MERGED from [de.hdodenhof:circleimageview:1.3.0] AndroidManifest.xml:5:5-7:41
MERGED from [com.android.support:cardview-v7:24.2.1] AndroidManifest.xml:20:5-43
MERGED from [com.google.android.gms:play-services-appindexing:9.8.0] AndroidManifest.xml:17:5-42
MERGED from [com.google.android.gms:play-services-base:9.8.0] AndroidManifest.xml:17:5-42
MERGED from [com.google.firebase:firebase-common:9.8.0] AndroidManifest.xml:3:5-42
MERGED from [com.google.android.gms:play-services-tasks:9.8.0] AndroidManifest.xml:3:5-42
MERGED from [com.google.android.gms:play-services-basement:9.8.0] AndroidManifest.xml:17:5-42
MERGED from [com.android.support:support-v4:24.2.1] AndroidManifest.xml:21:5-23:54
MERGED from [com.android.support:support-fragment:24.2.1] AndroidManifest.xml:21:5-23:60
MERGED from [com.android.support:support-media-compat:24.2.1] AndroidManifest.xml:21:5-23:63
MERGED from [com.android.support:support-core-ui:24.2.1] AndroidManifest.xml:21:5-23:58
MERGED from [com.android.support:support-core-utils:24.2.1] AndroidManifest.xml:21:5-23:61
MERGED from [com.android.support:support-compat:24.2.1] AndroidManifest.xml:21:5-23:58
	tools:overrideLibrary
		ADDED from [com.android.support:appcompat-v7:24.2.1] AndroidManifest.xml:23:9-75
	android:targetSdkVersion
		INJECTED from src\main\AndroidManifest.xml
		INJECTED from src\main\AndroidManifest.xml
	android:minSdkVersion
		INJECTED from src\main\AndroidManifest.xml
		INJECTED from src\main\AndroidManifest.xml
activity#com.google.android.gms.common.api.GoogleApiActivity
ADDED from [com.google.android.gms:play-services-base:9.8.0] AndroidManifest.xml:19:9-172
	android:exported
		ADDED from [com.google.android.gms:play-services-base:9.8.0] AndroidManifest.xml:19:146-170
	android:theme
		ADDED from [com.google.android.gms:play-services-base:9.8.0] AndroidManifest.xml:19:86-145
	android:name
		ADDED from [com.google.android.gms:play-services-base:9.8.0] AndroidManifest.xml:19:19-85
provider#com.google.firebase.provider.FirebaseInitProvider
ADDED from [com.google.firebase:firebase-common:9.8.0] AndroidManifest.xml:6:9-175
	android:authorities
		ADDED from [com.google.firebase:firebase-common:9.8.0] AndroidManifest.xml:6:19-78
	android:exported
		ADDED from [com.google.firebase:firebase-common:9.8.0] AndroidManifest.xml:6:125-149
	android:initOrder
		ADDED from [com.google.firebase:firebase-common:9.8.0] AndroidManifest.xml:6:150-173
	android:name
		ADDED from [com.google.firebase:firebase-common:9.8.0] AndroidManifest.xml:6:79-124